<?xml version="1.0" encoding="UTF-8"?>
<testsuite xmlns:xsi="http://www.w3.org/2001/XMLSchema-instance" xsi:noNamespaceSchemaLocation="https://maven.apache.org/surefire/maven-surefire-plugin/xsd/surefire-test-report-3.0.xsd" version="3.0" name="tek.sdet.framework.runner.TestRunner" time="14.242" tests="1" errors="0" skipped="0" failures="0">
  <properties>
[...]
</properties>
  <testcase name="Verify User can write a review on order placed" classname="Retail Order Page" time="13.032">
    <system-out><![CDATA[
@orderReview
Scenario: Verify User can write a review on order placed                         # features/RetailOrder.feature:32
{// browser=chrome, browser=firefox, headless=false, url=https://tek-retail-ui.azurewebsites.net/}
 INFO [main] (RetailSteps.java:19)- User is on retail website
  Given User is on retail website                                                # tek.sdet.framework.steps.RetailSteps.userIsOnRetailWebsite()
 INFO [main] (SignInSteps.java:21)- user clicked on Sign in Option
  When User click on Sign in option                                              # tek.sdet.framework.steps.SignInSteps.userClickOnSignInOption()
 INFO [main] (SignInSteps.java:28)- user entered email and password
  And User enter email 'aisha13@gmail.com' and password 'Aman@12347'             # tek.sdet.framework.steps.SignInSteps.userEnterEmailAndPassword(java.lang.String,java.lang.String)
 INFO [main] (SignInSteps.java:34)- user clicked on login button
  And User click on login button                                                 # tek.sdet.framework.steps.SignInSteps.userClickOnLoginButton()
 INFO [main] (SignInSteps.java:40)- user is logged in into Account
  And User should be logged in into Account                                      # tek.sdet.framework.steps.SignInSteps.userShouldBeLoggedInIntoAccount()
 INFO [main] (RetailOrderSteps.java:17)- user clicked on section
  And User click on Orders section                                               # tek.sdet.framework.steps.RetailOrderSteps.userClickOnOrdersSection()
 INFO [main] (RetailOrderSteps.java:61)- user clicked on first order in list
  And User click on first order in list                                          # tek.sdet.framework.steps.RetailOrderSteps.userClickOnFirstOrderInList()
 INFO [main] (RetailOrderSteps.java:106)- user clicked on the Review button
  And User click on Review button                                                # tek.sdet.framework.steps.RetailOrderSteps.userClickOnReviewButton()
 INFO [main] (RetailOrderSteps.java:113)- user write Review headline 'headline value’ and ‘review text'
  And User write Review headline 'Greate Service' and 'happy with product'       # tek.sdet.framework.steps.RetailOrderSteps.userWriteReviewHeadline(java.lang.String,java.lang.String)
 INFO [main] (RetailOrderSteps.java:119)- user clicked on the Review button
  And User click Add your Review button                                          # tek.sdet.framework.steps.RetailOrderSteps.userClickAddYourReviewButton()
 INFO [main] (RetailOrderSteps.java:128)- this message should be displayed ‘Your review was added successfully
  Then a review message should be displayed 'Your review was added successfully' # tek.sdet.framework.steps.RetailOrderSteps.aReviewMessageShouldBeDisplayed(java.lang.String)
]]></system-out>
    <system-err><![CDATA[SLF4J: Failed to load class "org.slf4j.impl.StaticLoggerBinder".
SLF4J: Defaulting to no-operation (NOP) logger implementation
SLF4J: See http://www.slf4j.org/codes.html#StaticLoggerBinder for further details.
ERROR StatusLogger Log4j2 could not find a logging implementation. Please add log4j-core to the classpath. Using SimpleLogger to log to the console...
1679914173221	geckodriver	INFO	Listening on 127.0.0.1:56663
1679914173631	mozrunner::runner	INFO	Running command: "/Applications/Firefox.app/Contents/MacOS/firefox-bin" "--marionette" "--remote-debugging-port" "52667" "--r ... alhost:52667/" "-foreground" "-no-remote" "-profile" "/var/folders/c0/jh7gd6hn0fn0tp93fdt4wzwr0000gn/T/rust_mozprofile5kxDiy"
console.warn: services.settings: Ignoring preference override of remote settings server
console.warn: services.settings: Allow by setting MOZ_REMOTE_SETTINGS_DEVTOOLS=1 in the environment
1679914174295	Marionette	INFO	Marionette enabled
1679914174450	Marionette	INFO	Listening on port 55686
2023-03-27 11:49:34.532 plugin-container[1302:34368] nil host used in call to allowsSpecificHTTPSCertificateForHost
2023-03-27 11:49:34.533 plugin-container[1302:34368] nil host used in call to allowsAnyHTTPSCertificateForHost:
2023-03-27 11:49:34.540 plugin-container[1302:34368] nil host used in call to allowsSpecificHTTPSCertificateForHost
2023-03-27 11:49:34.540 plugin-container[1302:34368] nil host used in call to allowsAnyHTTPSCertificateForHost:
2023-03-27 11:49:34.541 plugin-container[1302:34371] nil host used in call to allowsSpecificHTTPSCertificateForHost
2023-03-27 11:49:34.541 plugin-container[1302:34371] nil host used in call to allowsAnyHTTPSCertificateForHost:
Read port: 55686
console.error: "Warning: unrecognized command line flag -remote-allow-hosts\n"
console.error: "Warning: unrecognized command line flag -remote-allow-origins\n"
WebDriver BiDi listening on ws://127.0.0.1:52667
1679914175094	RemoteAgent	WARN	TLS certificate errors will be ignored for this session
console.warn: SearchSettings: "get: No settings file exists, new profile?" (new NotFoundError("Could not open the file at /var/folders/c0/jh7gd6hn0fn0tp93fdt4wzwr0000gn/T/rust_mozprofile5kxDiy/search.json.mozlz4", (void 0)))
DevTools listening on ws://127.0.0.1:52667/devtools/browser/2421b4fa-bea2-4d32-80c7-9464e6ff807b
2023-03-27 10:49:37.129 plugin-container[1305:34543] nil host used in call to allowsSpecificHTTPSCertificateForHost
2023-03-27 10:49:37.130 plugin-container[1305:34543] nil host used in call to allowsAnyHTTPSCertificateForHost:
2023-03-27 10:49:37.138 plugin-container[1305:34543] nil host used in call to allowsSpecificHTTPSCertificateForHost
2023-03-27 10:49:37.138 plugin-container[1305:34543] nil host used in call to allowsAnyHTTPSCertificateForHost:
2023-03-27 10:49:37.140 plugin-container[1305:34557] nil host used in call to allowsSpecificHTTPSCertificateForHost
2023-03-27 10:49:37.140 plugin-container[1305:34557] nil host used in call to allowsAnyHTTPSCertificateForHost:
Mar 27, 2023 11:49:37 AM org.openqa.selenium.remote.ProtocolHandshake createSession
INFO: Detected upstream dialect: W3C
console.warn: LoginRecipes: "Falling back to a synchronous message for: https://tek-retail-ui.azurewebsites.net."
console.warn: LoginRecipes: "Falling back to a synchronous message for: https://tek-retail-ui.azurewebsites.net."
1679914183961	Marionette	INFO	Stopped listening on port 55686
]]></system-err>
  </testcase>
</testsuite>